make all --print-data-base --no-builtin-variables --no-builtin-rules --question
# GNU Make 4.3
# Built for x86_64-pc-linux-gnu
# Copyright (C) 1988-2020 Free Software Foundation, Inc.
# License GPLv3+: GNU GPL version 3 or later <http://gnu.org/licenses/gpl.html>
# This is free software: you are free to change and redistribute it.
# There is NO WARRANTY, to the extent permitted by law.

# Make data base, printed on Thu Jun  9 19:59:45 2022

# Variables

# environment
GDK_BACKEND = x11
# makefile (from 'Makefile', line 3)
OTHEROPTS = --auto-inline -Werror
# environment
LC_ALL = C
# environment
NO_AT_BRIDGE = 1
# environment
I3SOCK = /run/user/1000/i3/ipc-socket.586460
# environment
VSCODE_IPC_HOOK_EXTHOST = /run/user/1000/vscode-ipc-ec668e6e-33e5-4109-9bbd-5c3ebc845b8f.sock
# environment
VSCODE_CWD = /home/fouche
# environment
WINDOWPATH = 2
# environment
GDM_LANG = en_US.utf8
# default
MAKE_COMMAND := make
# environment
GTK3_MODULES = xapp-gtk3-module
# automatic
@D = $(patsubst %/,%,$(dir $@))
# environment
VSCODE_HANDLES_UNCAUGHT_ERRORS = true
# default
.VARIABLES := 
# environment
PWD = /home/fouche/repos/agda-categories
# automatic
%D = $(patsubst %/,%,$(dir $%))
# environment
MAIL = /var/spool/mail/fouche
# environment
XDG_DATA_DIRS = /home/fouche/.local/share/flatpak/exports/share:/var/lib/flatpak/exports/share:/usr/local/share/:/usr/share/:/var/lib/snapd/desktop
# automatic
^D = $(patsubst %/,%,$(dir $^))
# environment
VSCODE_LOG_STACK = false
# automatic
%F = $(notdir $%)
# environment
VSCODE_CODE_CACHE_PATH = /home/fouche/.config/Code/CachedData/c3511e6c69bb39013c4a4b7b9566ec1ca73fc4d5
# environment
LANG = C
# environment
XAUTHORITY = /run/user/1000/gdm/Xauthority
# default
.LOADED := 
# default
.INCLUDE_DIRS = /usr/include /usr/local/include /usr/include
# makefile
MAKEFLAGS = pqrR
# makefile
CURDIR := /home/fouche/repos/agda-categories
# environment
VSCODE_PIPE_LOGGING = true
# environment
APPLICATION_INSIGHTS_NO_DIAGNOSTIC_CHANNEL = 1
# automatic
*D = $(patsubst %/,%,$(dir $*))
# environment
MFLAGS = -pqrR
# default
.SHELLFLAGS := -c
# automatic
+D = $(patsubst %/,%,$(dir $+))
# environment
XDG_SESSION_DESKTOP = i3-with-shmlog
# makefile (from 'Makefile', line 1)
MAKEFILE_LIST := Makefile
# automatic
@F = $(notdir $@)
# environment
LC_COLLATE = C
# environment
VSCODE_VERBOSE_LOGGING = true
# environment
VSCODE_PID = 1573597
# environment
XDG_SESSION_TYPE = x11
# automatic
?D = $(patsubst %/,%,$(dir $?))
# automatic
*F = $(notdir $*)
# environment
QT_QPA_PLATFORMTHEME = qt5ct
# environment
CHROME_DESKTOP = code-url-handler.desktop
# environment
DBUS_SESSION_BUS_ADDRESS = unix:path=/run/user/1000/bus
# automatic
<D = $(patsubst %/,%,$(dir $<))
# environment
VSCODE_NLS_CONFIG = {"locale":"en-us","availableLanguages":{},"_languagePackSupport":true}
# default
MAKE_HOST := x86_64-pc-linux-gnu
# makefile
SHELL = /bin/sh
# default
MAKECMDGOALS := all
# environment
SHLVL = 2
# environment
MAKELEVEL := 0
# default
MAKE = $(MAKE_COMMAND)
# environment
PATH = /home/fouche/.elan/bin:/home/fouche/.local/bin:/usr/local/bin:/usr/bin:/var/lib/snapd/snap/bin:/usr/local/sbin:/usr/lib/jvm/default/bin:/usr/bin/site_perl:/usr/bin/vendor_perl:/usr/bin/core_perl
# default
MAKEFILES := 
# environment
MOTD_SHOWN = pam
# automatic
^F = $(notdir $^)
# environment
GRADLE_HOME = /usr/share/java/gradle
# environment
VSCODE_LOG_NATIVE = false
# environment
USERNAME = fouche
# automatic
?F = $(notdir $?)
# environment
XDG_SEAT = seat0
# automatic
+F = $(notdir $+)
# environment
DESKTOP_SESSION = i3-with-shmlog
# environment
ORIGINAL_XDG_CURRENT_DESKTOP = undefined
# 'override' directive
GNUMAKEFLAGS := 
# environment
LOGNAME = fouche
# environment
XDG_VTNR = 2
# makefile
.DEFAULT_GOAL := test
# environment
SYSTEMD_EXEC_PID = 1718
# environment
EDITOR = /usr/bin/nano
# environment
DISPLAY = :1
# environment
GTK_MODULES = canberra-gtk-module
# environment
USER = fouche
# default
MAKE_VERSION := 4.3
# makefile (from 'Makefile', line 5)
RTSARGS = +RTS -M6G -A128M -RTS ${OTHEROPTS}
# environment
_ = /usr/bin/make
# environment
XDG_RUNTIME_DIR = /run/user/1000
# environment
XDG_SESSION_CLASS = user
# environment
VSCODE_AMD_ENTRYPOINT = vs/workbench/api/node/extensionHostProcess
# environment
HOME = /home/fouche
# environment
ELECTRON_RUN_AS_NODE = 1
# environment
VSCODE_IPC_HOOK = /run/user/1000/vscode-822160a4-1.67.2-main.sock
# environment
MATHEMATICA_HOME = /usr/local/Wolfram/Mathematica/11.3
# environment
XDG_SESSION_ID = 7
# default
.RECIPEPREFIX := 
# automatic
<F = $(notdir $<)
# default
SUFFIXES := 
# environment
VSCODE_CLI = 1
# environment
ELECTRON_NO_ATTACH_CONSOLE = 1
# default
.FEATURES := target-specific order-only second-expansion else-if shortest-stem undefine oneshell nocomment grouped-target extra-prereqs archives jobserver output-sync check-symlink guile load
# environment
GDMSESSION = i3-with-shmlog
# variable set hash-table stats:
# Load=93/1024=9%, Rehash=0, Collisions=5/123=4%

# Pattern-specific Variable Values

# No pattern-specific variable values.

# Directories

# . (device 66305, inode 62263580): 17 files, no impossibilities.

# 17 files, no impossibilities in 1 directories.

# Implicit Rules

# No implicit rules.

# Files

Everything.agda:
#  Phony target (prerequisite of .PHONY).
#  Implicit rule search has not been done.
#  File does not exist.
#  File has not been updated.
#  recipe to execute (from 'Makefile', line 14):
	git ls-tree --full-tree -r --name-only HEAD | grep '^src/[^\.]*.agda' | sed -e 's|^src/[/]*|import |' -e 's|/|.|g' -e 's/.agda//' -e '/import Everything/d' | LC_COLLATE='C' sort > Everything.agda

profile: Everything.agda
#  Implicit rule search has not been done.
#  Modification time never checked.
#  File has not been updated.
#  recipe to execute (from 'Makefile', line 20):
	agda ${RTSARGS} -v profile:7 -v profile.definitions:15 -i. Everything.agda

html: Everything.agda
#  Implicit rule search has not been done.
#  Modification time never checked.
#  File has not been updated.
#  recipe to execute (from 'Makefile', line 11):
	agda ${RTSARGS} --html -i. Everything.agda

# Not a target:
Makefile:
#  Implicit rule search has been done.
#  Last modified 2021-11-05 15:43:46.190437
#  File has been updated.
#  Successfully updated.

clean:
#  Phony target (prerequisite of .PHONY).
#  Implicit rule search has not been done.
#  File does not exist.
#  File has not been updated.
#  recipe to execute (from 'Makefile', line 17):
	find . -name '*.agdai' -exec rm \{\} \;

# Not a target:
.DEFAULT:
#  Implicit rule search has not been done.
#  Modification time never checked.
#  File has not been updated.

# Not a target:
all:
#  Command line target.
#  Implicit rule search has been done.
#  File does not exist.
#  File has not been updated.

test: Everything.agda
#  Phony target (prerequisite of .PHONY).
#  Implicit rule search has not been done.
#  File does not exist.
#  File has not been updated.
#  recipe to execute (from 'Makefile', line 8):
	agda ${RTSARGS} -i. Everything.agda

.PHONY: test Everything.agda clean
#  Implicit rule search has not been done.
#  Modification time never checked.
#  File has not been updated.

# files hash-table stats:
# Load=10/1024=1%, Rehash=0, Collisions=0/29=0%
# VPATH Search Paths

# No 'vpath' search paths.

# No general ('VPATH' variable) search path.

# strcache buffers: 1 (0) / strings = 27 / storage = 233 B / avg = 8 B
# current buf: size = 8162 B / used = 233 B / count = 27 / avg = 8 B

# strcache performance: lookups = 44 / hit rate = 38%
# hash-table stats:
 
make: *** No rule to make target 'all'.  Stop.

# Load=27/8192=0%, Rehash=0, Collisions=0/44=0%
# Finished Make data base on Thu Jun  9 19:59:45 2022

 
